<?xml version="1.0" encoding="UTF-8" ?>
<testsuite errors="0" failures="0" hostname="fenn.encs.concordia.ca" name="org.netbeans.modules.compapp.catd.ConfiguredTest" skipped="0" tests="1" time="0.666" timestamp="2018-03-20T00:21:09">
  <properties>
[...]
</properties>
  <testcase classname="org.netbeans.modules.compapp.catd.ConfiguredTest" name="TestCase1" time="0.658" />
  <system-out><![CDATA[GenerateATSOutput=${generate.ats.output}
NetBeansUserDir=/groups/j/ji_soen487_4/aa
ServerPassword=admin
awt.toolkit=sun.awt.X11.XToolkit
file.encoding=UTF-8
file.encoding.pkg=sun.io
file.separator=/
inDebug=${inDebug}
java.awt.graphicsenv=sun.awt.X11GraphicsEnvironment
java.awt.headless=${java.awt.headless}
java.awt.printerjob=sun.print.PSPrinterJob
java.class.path=/encs/pkg/openesb-3.0.5/root/OE-Studio/netbeans/soa/modules/org-netbeans-modules-compapp-manager-jbi.jar:/encs/pkg/openesb-3.0.5/root/OE-Studio/netbeans/soa/modules/org-netbeans-modules-compapp-projects-jbi.jar:/encs/pkg/openesb-3.0.5/root/OE-Studio/netbeans/soa/modules/ext/jbi-admin-common.jar:/encs/pkg/openesb-3.0.5/root/OE-Studio/netbeans/soa/modules/ext/catd.jar:/encs/pkg/openesb-3.0.5/root/OE-Studio/netbeans/java/modules/ext/junit-3.8.2.jar:/encs/pkg/openesb-3.0.5/root/OE-Studio/netbeans/java/modules/ext/jaxws22/api/saaj-api.jar:/encs/pkg/openesb-3.0.5/root/OE-Studio/netbeans/java/modules/ext/jaxws22/saaj-impl.jar:/encs/pkg/openesb-3.0.5/root/OE-Studio/netbeans/java/modules/ext/jaxws22/FastInfoset.jar:/encs/pkg/openesb-3.0.5/root/OE-Studio/netbeans/ide/modules/org-netbeans-modules-editor-lib.jar:/encs/pkg/openesb-3.0.5/root/OE-Studio/netbeans/ide/modules/org-netbeans-modules-editor.jar:/encs/pkg/openesb-3.0.5/root/OE-Studio/netbeans/ide/modules/org-netbeans-modules-editor-deprecated-pre65formatting.jar:/encs/pkg/openesb-3.0.5/root/OE-Studio/netbeans/ide/modules/org-netbeans-modules-editor-util.jar:/encs/pkg/openesb-3.0.5/root/OE-Studio/netbeans/ide/modules/org-netbeans-modules-editor-lib2.jar:/encs/pkg/openesb-3.0.5/root/OE-Studio/netbeans/ide/modules/org-netbeans-modules-editor-indent.jar:/encs/pkg/openesb-3.0.5/root/OE-Studio/netbeans/ide/modules/org-netbeans-modules-editor-plain.jar:/encs/pkg/openesb-3.0.5/root/OE-Studio/netbeans/ide/modules/org-netbeans-modules-editor-plain-lib.jar:/encs/pkg/openesb-3.0.5/root/OE-Studio/netbeans/ide/modules/org-netbeans-modules-editor-settings.jar:/encs/pkg/openesb-3.0.5/root/OE-Studio/netbeans/ide/modules/org-netbeans-modules-editor-settings-storage.jar:/encs/pkg/openesb-3.0.5/root/OE-Studio/netbeans/ide/modules/org-netbeans-modules-lexer.jar:/encs/pkg/openesb-3.0.5/root/OE-Studio/netbeans/ide/modules/org-netbeans-modules-xml-core.jar:/encs/pkg/openesb-3.0.5/root/OE-Studio/netbeans/ide/modules/org-netbeans-modules-xml-lexer.jar:/encs/pkg/openesb-3.0.5/root/OE-Studio/netbeans/ide/modules/org-netbeans-modules-xml-text.jar:/encs/pkg/openesb-3.0.5/root/OE-Studio/netbeans/ide/modules/org-netbeans-modules-xml-xdm.jar:/encs/pkg/openesb-3.0.5/root/OE-Studio/netbeans/ide/modules/org-netbeans-modules-xml-xam.jar:/encs/pkg/openesb-3.0.5/root/OE-Studio/netbeans/ide/modules/org-netbeans-modules-csl-api.jar:/encs/pkg/openesb-3.0.5/root/OE-Studio/netbeans/ide/modules/ext/jaxb/activation.jar:/encs/pkg/openesb-3.0.5/root/OE-Studio/netbeans/platform/lib/org-openide-modules.jar:/encs/pkg/openesb-3.0.5/root/OE-Studio/netbeans/platform/lib/org-openide-util.jar:/encs/pkg/openesb-3.0.5/root/OE-Studio/netbeans/platform/lib/org-openide-util-lookup.jar:/encs/pkg/openesb-3.0.5/root/OE-Studio/netbeans/platform/modules/org-openide-awt.jar:/encs/pkg/openesb-3.0.5/root/OE-Studio/netbeans/platform/modules/org-openide-options.jar:/encs/pkg/openesb-3.0.5/root/OE-Studio/netbeans/platform/modules/org-openide-text.jar:/encs/pkg/openesb-3.0.5/root/OE-Studio/netbeans/platform/modules/org-openide-loaders.jar:/encs/pkg/openesb-3.0.5/root/OE-Studio/netbeans/platform/modules/org-openide-nodes.jar:/encs/pkg/openesb-3.0.5/root/OE-Studio/netbeans/platform/modules/org-netbeans-modules-editor-mimelookup.jar:/encs/pkg/openesb-3.0.5/root/OE-Studio/netbeans/platform/modules/org-netbeans-modules-editor-mimelookup-impl.jar:/encs/pkg/openesb-3.0.5/root/OE-Studio/netbeans/platform/core/org-openide-filesystems.jar:/encs/pkg/openesb-3.0.5/root/OE-Studio/netbeans/platform/modules/org-netbeans-modules-keyring.jar:/encs/pkg/openesb-3.0.5/root/OE-Studio/netbeans/platform/modules/org-openide-dialogs.jar:/encs/pkg/openesb-3.0.5/root/OE-Studio/netbeans/extide/ant/lib/ant-launcher.jar:/encs/pkg/openesb-3.0.5/root/OE-Studio/netbeans/extide/ant/lib/ant.jar:/encs/pkg/openesb-3.0.5/root/OE-Studio/netbeans/extide/ant/lib/ant-junit.jar:/encs/pkg/openesb-3.0.5/root/OE-Studio/netbeans/extide/ant/lib/ant-junit4.jar
java.class.version=52.0
java.endorsed.dirs=/nfs/encs/ArchDep/x86_64.EL7/pkg/jdk_64b-8u161/root/jre/lib/endorsed
java.ext.dirs=/nfs/encs/ArchDep/x86_64.EL7/pkg/jdk_64b-8u161/root/jre/lib/ext:/usr/java/packages/lib/ext
java.home=/nfs/encs/ArchDep/x86_64.EL7/pkg/jdk_64b-8u161/root/jre
java.io.tmpdir=/tmp
java.library.path=/encs/pkg/jdk-8/root/bin/../jre/lib/amd64:/encs/pkg/jdk-8/root/bin/../jre/lib/i386::/usr/java/packages/lib/amd64:/usr/lib64:/lib64:/lib:/usr/lib
java.runtime.name=Java(TM) SE Runtime Environment
java.runtime.version=1.8.0_161-b12
java.specification.name=Java Platform API Specification
java.specification.vendor=Oracle Corporation
java.specification.version=1.8
java.vendor=Oracle Corporation
java.vendor.url=http://java.oracle.com/
java.vendor.url.bug=http://bugreport.sun.com/bugreport/
java.version=1.8.0_161
java.vm.info=mixed mode
java.vm.name=Java HotSpot(TM) 64-Bit Server VM
java.vm.specification.name=Java Virtual Machine Specification
java.vm.specification.vendor=Oracle Corporation
java.vm.specification.version=1.8
java.vm.vendor=Oracle Corporation
java.vm.version=25.161-b12
line.separator=

org.netbeans.modules.compapp.catd.context=
os.arch=amd64
os.name=Linux
os.version=3.10.0-693.21.1.el7.x86_64
path.separator=:
sun.arch.data.model=64
sun.boot.class.path=/nfs/encs/ArchDep/x86_64.EL7/pkg/jdk_64b-8u161/root/jre/lib/resources.jar:/nfs/encs/ArchDep/x86_64.EL7/pkg/jdk_64b-8u161/root/jre/lib/rt.jar:/nfs/encs/ArchDep/x86_64.EL7/pkg/jdk_64b-8u161/root/jre/lib/sunrsasign.jar:/nfs/encs/ArchDep/x86_64.EL7/pkg/jdk_64b-8u161/root/jre/lib/jsse.jar:/nfs/encs/ArchDep/x86_64.EL7/pkg/jdk_64b-8u161/root/jre/lib/jce.jar:/nfs/encs/ArchDep/x86_64.EL7/pkg/jdk_64b-8u161/root/jre/lib/charsets.jar:/nfs/encs/ArchDep/x86_64.EL7/pkg/jdk_64b-8u161/root/jre/lib/jfr.jar:/nfs/encs/ArchDep/x86_64.EL7/pkg/jdk_64b-8u161/root/jre/classes
sun.boot.library.path=/nfs/encs/ArchDep/x86_64.EL7/pkg/jdk_64b-8u161/root/jre/lib/amd64
sun.cpu.endian=little
sun.cpu.isalist=
sun.desktop=gnome
sun.io.unicode.encoding=UnicodeLittle
sun.java.command=org.apache.tools.ant.taskdefs.optional.junit.JUnitTestRunner org.netbeans.modules.compapp.catd.ConfiguredTest skipNonTests=false filtertrace=true haltOnError=false haltOnFailure=false showoutput=true outputtoformatters=true logfailedtests=true threadid=0 logtestlistenerevents=true formatter=org.apache.tools.ant.taskdefs.optional.junit.BriefJUnitResultFormatter formatter=org.apache.tools.ant.taskdefs.optional.junit.XMLJUnitResultFormatter,/nfs/home/s/s_jashan/NetBeansProjects/AirportInfoServicesCA/test/results/TEST-org.netbeans.modules.compapp.catd.ConfiguredTest.xml crashfile=/tmp/junitvmwatcher2739814121335739069.properties propsfile=/tmp/junit2434206724962661040.properties
sun.java.launcher=SUN_STANDARD
sun.jnu.encoding=UTF-8
sun.management.compiler=HotSpot 64-Bit Tiered Compilers
sun.os.patch.level=unknown
user.country=CA
user.dir=/nfs/home/s/s_jashan/NetBeansProjects/AirportInfoServicesCA
user.home=/home/s/s_jashan
user.language=en
user.name=s_jashan
user.timezone=America/Montreal
Test TestCase1\Concurrent.properties Passed. Threads count Success: <1> Error: <0> Not completed: <0>
]]></system-out>
  <system-err><![CDATA[]]></system-err>
</testsuite>
